生成启动时间为 2016/7/5 星期二 下午 9:48:58。
     1>项目“G:\Interview_code\codeOfString\codeOfString\codeOfString.vcxproj”在节点 2 上(build 个目标)。
     1>InitializeBuildStatus:
         正在创建“Debug\codeOfString.unsuccessfulbuild”，因为已指定“AlwaysCreate”。
       ClCompile:
         e:\Microsoft Visual Studio 10.0\VC\bin\CL.exe /c /ZI /nologo /W3 /WX- /Od /Oy- /D WIN32 /D _DEBUG /D _CONSOLE /D _UNICODE /D UNICODE /Gm /EHsc /RTC1 /MDd /GS /fp:precise /Zc:wchar_t /Zc:forScope /Fo"Debug\\" /Fd"Debug\vc100.pdb" /Gd /TP /analyze- /errorReport:prompt main.cpp
         main.cpp
       ManifestResourceCompile:
         所有输出均为最新。
       Link:
         e:\Microsoft Visual Studio 10.0\VC\bin\link.exe /ERRORREPORT:PROMPT /OUT:"G:\Interview_code\codeOfString\Debug\codeOfString.exe" /INCREMENTAL /NOLOGO kernel32.lib user32.lib gdi32.lib winspool.lib comdlg32.lib advapi32.lib shell32.lib ole32.lib oleaut32.lib uuid.lib odbc32.lib odbccp32.lib /MANIFEST /ManifestFile:"Debug\codeOfString.exe.intermediate.manifest" /MANIFESTUAC:"level='asInvoker' uiAccess='false'" /DEBUG /PDB:"G:\Interview_code\codeOfString\Debug\codeOfString.pdb" /SUBSYSTEM:CONSOLE /TLBID:1 /DYNAMICBASE /NXCOMPAT /IMPLIB:"G:\Interview_code\codeOfString\Debug\codeOfString.lib" /MACHINE:X86 Debug\codeOfString.exe.embed.manifest.res
         Debug\main.obj
         Debug\stringAlgorithm.obj
       Manifest:
         C:\Program Files\Microsoft SDKs\Windows\v7.0A\bin\mt.exe /nologo /verbose /out:"Debug\codeOfString.exe.embed.manifest" /manifest Debug\codeOfString.exe.intermediate.manifest
         所有输出均为最新。
       LinkEmbedManifest:
         所有输出均为最新。
         codeOfString.vcxproj -> G:\Interview_code\codeOfString\Debug\codeOfString.exe
       FinalizeBuildStatus:
         正在删除文件“Debug\codeOfString.unsuccessfulbuild”。
         正在对“Debug\codeOfString.lastbuildstate”执行 Touch 任务。
     1>已完成生成项目“G:\Interview_code\codeOfString\codeOfString\codeOfString.vcxproj”(build 个目标)的操作。

生成成功。

已用时间 00:00:02.77
